<?xml version="1.0" encoding="UTF-8"?>
<!-- Generated by org.testng.reporters.JUnitReportReporter -->
<testsuite hostname="Anshana" failures="0" tests="4" name="executePageClasses.LoginPageTestClass" time="45.754" errors="0" timestamp="2024-01-28T21:24:59 IST" skipped="0">
  <testcase classname="executePageClasses.LoginPageTestClass" name="verifyUnSuccessfulLogin" time="10.638"/>
  <testcase classname="executePageClasses.LoginPageTestClass" name="verifyUnSuccessfulLogin" time="12.329"/>
  <testcase classname="executePageClasses.LoginPageTestClass" name="verifySuccessfulLogin" time="13.545"/>
  <testcase classname="executePageClasses.LoginPageTestClass" name="verifyUnSuccessfulLogin" time="9.242"/>
</testsuite> <!-- executePageClasses.LoginPageTestClass -->
