<?xml version="1.0" encoding="UTF-8"?>
<!-- Generated by org.testng.reporters.JUnitReportReporter -->
<testsuite hostname="Anshana" failures="0" tests="2" name="executePageClasses.HomePageTestClass" time="24.061" errors="0" timestamp="2024-01-28T21:06:25 IST" skipped="0">
  <testcase classname="executePageClasses.HomePageTestClass" name="verifyUserManagementOptions" time="10.391"/>
  <testcase classname="executePageClasses.HomePageTestClass" name="verifyUserLoginDate" time="13.670"/>
</testsuite> <!-- executePageClasses.HomePageTestClass -->
